\BOOKMARK [1][-]{Doc-Start}{Copyright}{}% 1
\BOOKMARK [1][-]{section*.1}{Acknowledgements}{}% 2
\BOOKMARK [1][-]{section*.2}{Abstract}{}% 3
\BOOKMARK [1][-]{chapter*.3}{List of Figures}{}% 4
\BOOKMARK [1][-]{chapter*.4}{List of Tables}{}% 5
\BOOKMARK [0][-]{chapter*.6}{Introduction}{}% 6
\BOOKMARK [0][-]{chapter.1}{Fast stellar centroiding and saturation of the Cramer-Rao lower bound}{}% 7
\BOOKMARK [1][-]{section.1.1}{Chapter abstract}{chapter.1}% 8
\BOOKMARK [1][-]{section.1.2}{Introduction}{chapter.1}% 9
\BOOKMARK [1][-]{section.1.3}{The Cram\351r-Rao lower bound}{chapter.1}% 10
\BOOKMARK [1][-]{section.1.4}{Centroiding methods}{chapter.1}% 11
\BOOKMARK [1][-]{section.1.5}{Tests}{chapter.1}% 12
\BOOKMARK [1][-]{section.1.6}{Results}{chapter.1}% 13
\BOOKMARK [1][-]{section.1.7}{Discussion}{chapter.1}% 14
\BOOKMARK [0][-]{chapter.2}{Super-resolution PSF model of HST WFC3-IR}{}% 15
\BOOKMARK [0][-]{chapter.3}{Approximate Bayesian Computation in large scale structure: constraining the galaxy-halo connection}{}% 16
\BOOKMARK [1][-]{section.3.1}{chapter abstract}{chapter.3}% 17
\BOOKMARK [1][-]{section.3.2}{Introduction}{chapter.3}% 18
\BOOKMARK [1][-]{section.3.3}{Methods}{chapter.3}% 19
\BOOKMARK [1][-]{section.3.4}{ABC at work}{chapter.3}% 20
\BOOKMARK [1][-]{section.3.5}{Summary and Conclusion}{chapter.3}% 21
\BOOKMARK [0][-]{chapter.4}{How are galaxies assigned to halos? searching for assembly bias in SDSS clustering measurements}{}% 22
\BOOKMARK [1][-]{section.4.1}{chapter abstract}{chapter.4}% 23
\BOOKMARK [1][-]{section.4.2}{Introduction}{chapter.4}% 24
\BOOKMARK [1][-]{section.4.3}{Method}{chapter.4}% 25
\BOOKMARK [1][-]{section.4.4}{Data}{chapter.4}% 26
\BOOKMARK [1][-]{section.4.5}{Analysis}{chapter.4}% 27
\BOOKMARK [1][-]{section.4.6}{Results and Discussion}{chapter.4}% 28
\BOOKMARK [1][-]{section.4.7}{Summary and Conclusion}{chapter.4}% 29
\BOOKMARK [0][-]{chapter.5}{Accurate galaxy-halo mocks with automatic bias estimation and particle-mesh gravity solvers}{}% 30
\BOOKMARK [1][-]{section.5.1}{abstract}{chapter.5}% 31
\BOOKMARK [1][-]{section.5.2}{Introduction}{chapter.5}% 32
\BOOKMARK [1][-]{section.5.3}{Methodology}{chapter.5}% 33
\BOOKMARK [1][-]{section.5.4}{Demonstration on an accurate N-body based halo catalog}{chapter.5}% 34
\BOOKMARK [1][-]{section.5.5}{Summary and Discussion}{chapter.5}% 35
\BOOKMARK [0][-]{chapter*.10}{Conclusion}{}% 36
\BOOKMARK [0][-]{chapter*.10}{Bibliography}{}% 37
