This is pdfTeX, Version 3.1415926-2.5-1.40.14 (TeX Live 2013/Debian) (format=pdflatex 2016.9.30)  6 APR 2017 23:21
entering extended mode
 restricted \write18 enabled.
 %&-line parsing enabled.
**thesis
(./thesis.tex
LaTeX2e <2011/06/27>
Babel <3.9h> and hyphenation patterns for 78 languages loaded.
(/usr/share/texlive/texmf-dist/tex/latex/base/report.cls
Document Class: report 2007/10/19 v1.4h Standard LaTeX document class
(/usr/share/texlive/texmf-dist/tex/latex/base/size12.clo
File: size12.clo 2007/10/19 v1.4h Standard LaTeX file (size option)
)
\c@part=\count79
\c@chapter=\count80
\c@section=\count81
\c@subsection=\count82
\c@subsubsection=\count83
\c@paragraph=\count84
\c@subparagraph=\count85
\c@figure=\count86
\c@table=\count87
\abovecaptionskip=\skip41
\belowcaptionskip=\skip42
\bibindent=\dimen102
)
(/usr/share/texlive/texmf-dist/tex/latex/setspace/setspace.sty
Package: setspace 2011/12/19 v6.7a set line spacing
)
(./definitions.tex
(/usr/share/texlive/texmf-dist/tex/latex/graphics/graphicx.sty
Package: graphicx 1999/02/16 v1.0f Enhanced LaTeX Graphics (DPC,SPQR)

(/usr/share/texlive/texmf-dist/tex/latex/graphics/keyval.sty
Package: keyval 1999/03/16 v1.13 key=value parser (DPC)
\KV@toks@=\toks14
)
(/usr/share/texlive/texmf-dist/tex/latex/graphics/graphics.sty
Package: graphics 2009/02/05 v1.0o Standard LaTeX Graphics (DPC,SPQR)

(/usr/share/texlive/texmf-dist/tex/latex/graphics/trig.sty
Package: trig 1999/03/16 v1.09 sin cos tan (DPC)
)
(/usr/share/texlive/texmf-dist/tex/latex/latexconfig/graphics.cfg
File: graphics.cfg 2010/04/23 v1.9 graphics configuration of TeX Live
)
Package graphics Info: Driver file: pdftex.def on input line 91.

(/usr/share/texlive/texmf-dist/tex/latex/pdftex-def/pdftex.def
File: pdftex.def 2011/05/27 v0.06d Graphics/color for pdfTeX

(/usr/share/texlive/texmf-dist/tex/generic/oberdiek/infwarerr.sty
Package: infwarerr 2010/04/08 v1.3 Providing info/warning/error messages (HO)
)
(/usr/share/texlive/texmf-dist/tex/generic/oberdiek/ltxcmds.sty
Package: ltxcmds 2011/11/09 v1.22 LaTeX kernel commands for general use (HO)
)
\Gread@gobject=\count88
))
\Gin@req@height=\dimen103
\Gin@req@width=\dimen104
)
(/usr/share/texlive/texmf-dist/tex/latex/graphics/color.sty
Package: color 2005/11/14 v1.0j Standard LaTeX Color (DPC)

(/usr/share/texlive/texmf-dist/tex/latex/latexconfig/color.cfg
File: color.cfg 2007/01/18 v1.5 color configuration of teTeX/TeXLive
)
Package color Info: Driver file: pdftex.def on input line 130.
)
(/usr/share/texlive/texmf-dist/tex/latex/hyperref/hyperref.sty
Package: hyperref 2012/11/06 v6.83m Hypertext links for LaTeX

(/usr/share/texlive/texmf-dist/tex/generic/oberdiek/hobsub-hyperref.sty
Package: hobsub-hyperref 2012/05/28 v1.13 Bundle oberdiek, subset hyperref (HO)


(/usr/share/texlive/texmf-dist/tex/generic/oberdiek/hobsub-generic.sty
Package: hobsub-generic 2012/05/28 v1.13 Bundle oberdiek, subset generic (HO)
Package: hobsub 2012/05/28 v1.13 Construct package bundles (HO)
Package hobsub Info: Skipping package `infwarerr' (already loaded).
Package hobsub Info: Skipping package `ltxcmds' (already loaded).
Package: ifluatex 2010/03/01 v1.3 Provides the ifluatex switch (HO)
Package ifluatex Info: LuaTeX not detected.
Package: ifvtex 2010/03/01 v1.5 Detect VTeX and its facilities (HO)
Package ifvtex Info: VTeX not detected.
Package: intcalc 2007/09/27 v1.1 Expandable calculations with integers (HO)
Package: ifpdf 2011/01/30 v2.3 Provides the ifpdf switch (HO)
Package ifpdf Info: pdfTeX in PDF mode is detected.
Package: etexcmds 2011/02/16 v1.5 Avoid name clashes with e-TeX commands (HO)
Package etexcmds Info: Could not find \expanded.
(etexcmds)             That can mean that you are not using pdfTeX 1.50 or
(etexcmds)             that some package has redefined \expanded.
(etexcmds)             In the latter case, load this package earlier.
Package: kvsetkeys 2012/04/25 v1.16 Key value parser (HO)
Package: kvdefinekeys 2011/04/07 v1.3 Define keys (HO)
Package: pdftexcmds 2011/11/29 v0.20 Utility functions of pdfTeX for LuaTeX (HO
)
Package pdftexcmds Info: LuaTeX not detected.
Package pdftexcmds Info: \pdf@primitive is available.
Package pdftexcmds Info: \pdf@ifprimitive is available.
Package pdftexcmds Info: \pdfdraftmode found.
Package: pdfescape 2011/11/25 v1.13 Implements pdfTeX's escape features (HO)
Package: bigintcalc 2012/04/08 v1.3 Expandable calculations on big integers (HO
)
Package: bitset 2011/01/30 v1.1 Handle bit-vector datatype (HO)
Package: uniquecounter 2011/01/30 v1.2 Provide unlimited unique counter (HO)
)
Package hobsub Info: Skipping package `hobsub' (already loaded).
Package: letltxmacro 2010/09/02 v1.4 Let assignment for LaTeX macros (HO)
Package: hopatch 2012/05/28 v1.2 Wrapper for package hooks (HO)
Package: xcolor-patch 2011/01/30 xcolor patch
Package: atveryend 2011/06/30 v1.8 Hooks at the very end of document (HO)
Package atveryend Info: \enddocument detected (standard20110627).
Package: atbegshi 2011/10/05 v1.16 At begin shipout hook (HO)
Package: refcount 2011/10/16 v3.4 Data extraction from label references (HO)
Package: hycolor 2011/01/30 v1.7 Color options for hyperref/bookmark (HO)
)
(/usr/share/texlive/texmf-dist/tex/generic/ifxetex/ifxetex.sty
Package: ifxetex 2010/09/12 v0.6 Provides ifxetex conditional
)
(/usr/share/texlive/texmf-dist/tex/latex/oberdiek/auxhook.sty
Package: auxhook 2011/03/04 v1.3 Hooks for auxiliary files (HO)
)
(/usr/share/texlive/texmf-dist/tex/latex/oberdiek/kvoptions.sty
Package: kvoptions 2011/06/30 v3.11 Key value format for package options (HO)
)
\@linkdim=\dimen105
\Hy@linkcounter=\count89
\Hy@pagecounter=\count90

(/usr/share/texlive/texmf-dist/tex/latex/hyperref/pd1enc.def
File: pd1enc.def 2012/11/06 v6.83m Hyperref: PDFDocEncoding definition (HO)
)
\Hy@SavedSpaceFactor=\count91

(/usr/share/texlive/texmf-dist/tex/latex/latexconfig/hyperref.cfg
File: hyperref.cfg 2002/06/06 v1.2 hyperref configuration of TeXLive
)
Package hyperref Info: Hyper figures OFF on input line 4443.
Package hyperref Info: Link nesting OFF on input line 4448.
Package hyperref Info: Hyper index ON on input line 4451.
Package hyperref Info: Plain pages OFF on input line 4458.
Package hyperref Info: Backreferencing OFF on input line 4463.
Package hyperref Info: Implicit mode ON; LaTeX internals redefined.
Package hyperref Info: Bookmarks ON on input line 4688.
\c@Hy@tempcnt=\count92

(/usr/share/texlive/texmf-dist/tex/latex/url/url.sty
\Urlmuskip=\muskip10
Package: url 2013/09/16  ver 3.4  Verb mode for urls, etc.
)
LaTeX Info: Redefining \url on input line 5041.
\XeTeXLinkMargin=\dimen106
\Fld@menulength=\count93
\Field@Width=\dimen107
\Fld@charsize=\dimen108
Package hyperref Info: Hyper figures OFF on input line 6295.
Package hyperref Info: Link nesting OFF on input line 6300.
Package hyperref Info: Hyper index ON on input line 6303.
Package hyperref Info: backreferencing OFF on input line 6310.
Package hyperref Info: Link coloring OFF on input line 6315.
Package hyperref Info: Link coloring with OCG OFF on input line 6320.
Package hyperref Info: PDF/A mode OFF on input line 6325.
LaTeX Info: Redefining \ref on input line 6365.
LaTeX Info: Redefining \pageref on input line 6369.
\Hy@abspage=\count94
\c@Item=\count95
\c@Hfootnote=\count96
)

Package hyperref Message: Driver (autodetected): hpdftex.

(/usr/share/texlive/texmf-dist/tex/latex/hyperref/hpdftex.def
File: hpdftex.def 2012/11/06 v6.83m Hyperref driver for pdfTeX
\Fld@listcount=\count97
\c@bookmark@seq@number=\count98

(/usr/share/texlive/texmf-dist/tex/latex/oberdiek/rerunfilecheck.sty
Package: rerunfilecheck 2011/04/15 v1.7 Rerun checks for auxiliary files (HO)
Package uniquecounter Info: New unique counter `rerunfilecheck' on input line 2
82.
)
\Hy@SectionHShift=\skip43
)
Package hyperref Info: Option `colorlinks' set `true' on input line 6.
Package hyperref Info: Option `pageanchor' set `false' on input line 7.

(/usr/share/texlive/texmf-dist/tex/latex/tools/indentfirst.sty
Package: indentfirst 1995/11/23 v1.03 Indent first paragraph (DPC)
)
(/usr/share/texlive/texmf-dist/tex/latex/amsmath/amsmath.sty
Package: amsmath 2013/01/14 v2.14 AMS math features
\@mathmargin=\skip44

For additional information on amsmath, use the `?' option.
(/usr/share/texlive/texmf-dist/tex/latex/amsmath/amstext.sty
Package: amstext 2000/06/29 v2.01

(/usr/share/texlive/texmf-dist/tex/latex/amsmath/amsgen.sty
File: amsgen.sty 1999/11/30 v2.0
\@emptytoks=\toks15
\ex@=\dimen109
))
(/usr/share/texlive/texmf-dist/tex/latex/amsmath/amsbsy.sty
Package: amsbsy 1999/11/29 v1.2d
\pmbraise@=\dimen110
)
(/usr/share/texlive/texmf-dist/tex/latex/amsmath/amsopn.sty
Package: amsopn 1999/12/14 v2.01 operator names
)
\inf@bad=\count99
LaTeX Info: Redefining \frac on input line 210.
\uproot@=\count100
\leftroot@=\count101
LaTeX Info: Redefining \overline on input line 306.
\classnum@=\count102
\DOTSCASE@=\count103
LaTeX Info: Redefining \ldots on input line 378.
LaTeX Info: Redefining \dots on input line 381.
LaTeX Info: Redefining \cdots on input line 466.
\Mathstrutbox@=\box26
\strutbox@=\box27
\big@size=\dimen111
LaTeX Font Info:    Redeclaring font encoding OML on input line 566.
LaTeX Font Info:    Redeclaring font encoding OMS on input line 567.
\macc@depth=\count104
\c@MaxMatrixCols=\count105
\dotsspace@=\muskip11
\c@parentequation=\count106
\dspbrk@lvl=\count107
\tag@help=\toks16
\row@=\count108
\column@=\count109
\maxfields@=\count110
\andhelp@=\toks17
\eqnshift@=\dimen112
\alignsep@=\dimen113
\tagshift@=\dimen114
\tagwidth@=\dimen115
\totwidth@=\dimen116
\lineht@=\dimen117
\@envbody=\toks18
\multlinegap=\skip45
\multlinetaggap=\skip46
\mathdisplay@stack=\toks19
LaTeX Info: Redefining \[ on input line 2665.
LaTeX Info: Redefining \] on input line 2666.
)
(/usr/share/texlive/texmf-dist/tex/latex/amsfonts/amsfonts.sty
Package: amsfonts 2013/01/14 v3.01 Basic AMSFonts support
\symAMSa=\mathgroup4
\symAMSb=\mathgroup5
LaTeX Font Info:    Overwriting math alphabet `\mathfrak' in version `bold'
(Font)                  U/euf/m/n --> U/euf/b/n on input line 106.
)
(/usr/share/texlive/texmf-dist/tex/latex/amsfonts/amssymb.sty
Package: amssymb 2013/01/14 v3.01 AMS font symbols
)
(/usr/share/texlive/texmf-dist/tex/latex/booktabs/booktabs.sty
Package: booktabs 2005/04/14 v1.61803 publication quality tables
\heavyrulewidth=\dimen118
\lightrulewidth=\dimen119
\cmidrulewidth=\dimen120
\belowrulesep=\dimen121
\belowbottomsep=\dimen122
\aboverulesep=\dimen123
\abovetopsep=\dimen124
\cmidrulesep=\dimen125
\cmidrulekern=\dimen126
\defaultaddspace=\dimen127
\@cmidla=\count111
\@cmidlb=\count112
\@aboverulesep=\dimen128
\@belowrulesep=\dimen129
\@thisruleclass=\count113
\@lastruleclass=\count114
\@thisrulewidth=\dimen130
)
(./aas_macros.sty) (/usr/share/texlive/texmf-dist/tex/latex/natbib/natbib.sty
Package: natbib 2010/09/13 8.31b (PWD, AO)
\bibhang=\skip47
\bibsep=\skip48
LaTeX Info: Redefining \cite on input line 694.
\c@NAT@ctr=\count115
)
(/usr/share/texlive/texmf-dist/tex/latex/algorithms/algorithmic.sty
Package: algorithmic 2009/08/24 v0.1 Document Style `algorithmic'

(/usr/share/texlive/texmf-dist/tex/latex/base/ifthen.sty
Package: ifthen 2001/05/26 v1.1c Standard LaTeX ifthen package (DPC)
)
\c@ALC@unique=\count116
\c@ALC@line=\count117
\c@ALC@rem=\count118
\c@ALC@depth=\count119
\ALC@tlm=\skip49
\algorithmicindent=\skip50
)
(/usr/share/texlive/texmf-dist/tex/latex/algorithms/algorithm.sty
Package: algorithm 2009/08/24 v0.1 Document Style `algorithm' - floating enviro
nment

(/usr/share/texlive/texmf-dist/tex/latex/float/float.sty
Package: float 2001/11/08 v1.3d Float enhancements (AL)
\c@float@type=\count120
\float@exts=\toks20
\float@box=\box28
\@float@everytoks=\toks21
\@floatcapt=\box29
)
\@float@every@algorithm=\toks22
\c@algorithm=\count121
)
Package color Info: Redefining color dred on input line 36.
Package color Info: Redefining color darkred on input line 37.
Package color Info: Redefining color darkgreen on input line 38.
Package hyperref Info: Option `colorlinks' set `true' on input line 44.
) (./thesis.aux)
\openout1 = `thesis.aux'.

LaTeX Font Info:    Checking defaults for OML/cmm/m/it on input line 42.
LaTeX Font Info:    ... okay on input line 42.
LaTeX Font Info:    Checking defaults for T1/cmr/m/n on input line 42.
LaTeX Font Info:    ... okay on input line 42.
LaTeX Font Info:    Checking defaults for OT1/cmr/m/n on input line 42.
LaTeX Font Info:    ... okay on input line 42.
LaTeX Font Info:    Checking defaults for OMS/cmsy/m/n on input line 42.
LaTeX Font Info:    ... okay on input line 42.
LaTeX Font Info:    Checking defaults for OMX/cmex/m/n on input line 42.
LaTeX Font Info:    ... okay on input line 42.
LaTeX Font Info:    Checking defaults for U/cmr/m/n on input line 42.
LaTeX Font Info:    ... okay on input line 42.
LaTeX Font Info:    Checking defaults for PD1/pdf/m/n on input line 42.
LaTeX Font Info:    ... okay on input line 42.

(/usr/share/texlive/texmf-dist/tex/context/base/supp-pdf.mkii
[Loading MPS to PDF converter (version 2006.09.02).]
\scratchcounter=\count122
\scratchdimen=\dimen131
\scratchbox=\box30
\nofMPsegments=\count123
\nofMParguments=\count124
\everyMPshowfont=\toks23
\MPscratchCnt=\count125
\MPscratchDim=\dimen132
\MPnumerator=\count126
\makeMPintoPDFobject=\count127
\everyMPtoPDFconversion=\toks24
) (/usr/share/texlive/texmf-dist/tex/latex/oberdiek/epstopdf-base.sty
Package: epstopdf-base 2010/02/09 v2.5 Base part for package epstopdf

(/usr/share/texlive/texmf-dist/tex/latex/oberdiek/grfext.sty
Package: grfext 2010/08/19 v1.1 Manage graphics extensions (HO)
)
Package grfext Info: Graphics extension search list:
(grfext)             [.png,.pdf,.jpg,.mps,.jpeg,.jbig2,.jb2,.PNG,.PDF,.JPG,.JPE
G,.JBIG2,.JB2,.eps]
(grfext)             \AppendGraphicsExtensions on input line 452.

(/usr/share/texlive/texmf-dist/tex/latex/latexconfig/epstopdf-sys.cfg
File: epstopdf-sys.cfg 2010/07/13 v1.3 Configuration of (r)epstopdf for TeX Liv
e
))
\AtBeginShipoutBox=\box31
Package hyperref Info: Link coloring ON on input line 42.

(/usr/share/texlive/texmf-dist/tex/latex/hyperref/nameref.sty
Package: nameref 2012/10/27 v2.43 Cross-referencing by name of section

(/usr/share/texlive/texmf-dist/tex/generic/oberdiek/gettitlestring.sty
Package: gettitlestring 2010/12/03 v1.4 Cleanup title references (HO)
)
\c@section@level=\count128
)
LaTeX Info: Redefining \ref on input line 42.
LaTeX Info: Redefining \pageref on input line 42.
LaTeX Info: Redefining \nameref on input line 42.

(./thesis.out) (./thesis.out)
\@outlinefile=\write3
\openout3 = `thesis.out'.

 [1

{/var/lib/texmf/fonts/map/pdftex/updmap/pdftex.map}]
LaTeX Font Info:    Try loading font information for OMS+cmr on input line 87.
 (/usr/share/texlive/texmf-dist/tex/latex/base/omscmr.fd
File: omscmr.fd 1999/05/25 v2.5h Standard LaTeX font definitions
)
LaTeX Font Info:    Font shape `OMS/cmr/m/n' in size <12> not available
(Font)              Font shape `OMS/cmsy/m/n' tried instead on input line 87.
 [2] [3]
(./acknowledge.tex) [4] (./abstract.tex [5]) [6] [7] (./thesis.toc
LaTeX Font Info:    Try loading font information for U+msa on input line 1.

(/usr/share/texlive/texmf-dist/tex/latex/amsfonts/umsa.fd
File: umsa.fd 2013/01/14 v3.01 AMS symbols A
)
LaTeX Font Info:    Try loading font information for U+msb on input line 1.

(/usr/share/texlive/texmf-dist/tex/latex/amsfonts/umsb.fd
File: umsb.fd 2013/01/14 v3.01 AMS symbols B
)
Overfull \hbox (3.65549pt too wide) detected at line 5
 []\OT1/cmr/m/n/12 xxvi
 []

[8

] [9])
\tf@toc=\write4
\openout4 = `thesis.toc'.

 [10] (./thesis.lof [11

] [12] [13] [14] [15] [16] [17] [18] [19]
[20]
Underfull \hbox (badness 10000) in paragraph at lines 32--32
 [][] [][][]\OT1/cmr/m/n/12 Posterior prob-a-bil-ity dis-tri-bu-tion of the \OT
1/cmr/m/sc/12 patchy \OT1/cmr/m/n/12 bias pa-ram-e-ters 
 []


Underfull \hbox (badness 1082) in paragraph at lines 32--32
 \OT1/cmr/m/n/12 in-ter-vals of the pos-te-rior prob-a-bil-i-ties. This plot is
 made us-ing the 
 []

[21] [22] [23] [24])
\tf@lof=\write5
\openout5 = `thesis.lof'.

 [25] (./thesis.lot)
\tf@lot=\write6
\openout6 = `thesis.lot'.

 [26

] (./intro.tex [1

] [2] [3] [4]
[5] [6] [7] [8] [9] [10] [11] [12] [13] [14] [15] [16] [17] [18])
(./chapters/centroiding.tex [19] [20]
Chapter 1.
[21

] [22] [23] [24] [25] [26] [27] [28] [29] [30] [31] [32] [33] [34] [35]
[36] [37] [38] [39] [40] [41] [42]
Underfull \hbox (badness 10000) in paragraph at lines 639--640

 []

<figures/centroiding/new_psf.pdf, id=1423, 845.0471pt x 597.51233pt>
File: figures/centroiding/new_psf.pdf Graphic file (type pdf)

<use figures/centroiding/new_psf.pdf>
Package pdftex.def Info: figures/centroiding/new_psf.pdf used on input line 642
.
(pdftex.def)             Requested size: 469.75499pt x 332.15207pt.

Underfull \hbox (badness 10000) in paragraph at lines 651--652

 []


<figures/centroiding/new_matchedfilter.pdf, id=1424, 845.0471pt x 597.51233pt>
File: figures/centroiding/new_matchedfilter.pdf Graphic file (type pdf)

<use figures/centroiding/new_matchedfilter.pdf>
Package pdftex.def Info: figures/centroiding/new_matchedfilter.pdf used on inpu
t line 653.
(pdftex.def)             Requested size: 469.75499pt x 332.15207pt.

Underfull \hbox (badness 10000) in paragraph at lines 662--663

 []

<figures/centroiding/new_polynomial.pdf, id=1425, 845.0471pt x 597.51233pt>
File: figures/centroiding/new_polynomial.pdf Graphic file (type pdf)

<use figures/centroiding/new_polynomial.pdf>
Package pdftex.def Info: figures/centroiding/new_polynomial.pdf used on input l
ine 664.
(pdftex.def)             Requested size: 469.75499pt x 332.15207pt.

Underfull \hbox (badness 10000) in paragraph at lines 672--673

 []

<figures/centroiding/new_moment.pdf, id=1426, 845.0471pt x 597.51233pt>
File: figures/centroiding/new_moment.pdf Graphic file (type pdf)

<use figures/centroiding/new_moment.pdf>
Package pdftex.def Info: figures/centroiding/new_moment.pdf used on input line 
674.
(pdftex.def)             Requested size: 469.75499pt x 332.15207pt.

Underfull \hbox (badness 10000) in paragraph at lines 683--684

 []

<figures/centroiding/new_fwhm_psf.pdf, id=1427, 597.51233pt x 845.0471pt>
File: figures/centroiding/new_fwhm_psf.pdf Graphic file (type pdf)

<use figures/centroiding/new_fwhm_psf.pdf>
Package pdftex.def Info: figures/centroiding/new_fwhm_psf.pdf used on input lin
e 685.
(pdftex.def)             Requested size: 305.33788pt x 431.83224pt.

Underfull \hbox (badness 10000) in paragraph at lines 691--692

 []


<figures/centroiding/new_fwhm_matchedfilter.pdf, id=1428, 597.51233pt x 845.047
1pt>
File: figures/centroiding/new_fwhm_matchedfilter.pdf Graphic file (type pdf)
 <use figures/centroiding/new_fwhm_matchedfilter.pdf>
Package pdftex.def Info: figures/centroiding/new_fwhm_matchedfilter.pdf used on
 input line 693.
(pdftex.def)             Requested size: 305.33788pt x 431.83224pt.

Underfull \hbox (badness 10000) in paragraph at lines 700--701

 []


<figures/centroiding/new_fwhm_polynomial.pdf, id=1429, 597.51233pt x 845.0471pt
>
File: figures/centroiding/new_fwhm_polynomial.pdf Graphic file (type pdf)
 <use figures/centroiding/new_fwhm_polynomial.pdf>
Package pdftex.def Info: figures/centroiding/new_fwhm_polynomial.pdf used on in
put line 702.
(pdftex.def)             Requested size: 305.33788pt x 431.83224pt.

Underfull \hbox (badness 10000) in paragraph at lines 709--710

 []

<figures/centroiding/new_fwhm_moment.pdf, id=1430, 597.51233pt x 845.0471pt>
File: figures/centroiding/new_fwhm_moment.pdf Graphic file (type pdf)

<use figures/centroiding/new_fwhm_moment.pdf>
Package pdftex.def Info: figures/centroiding/new_fwhm_moment.pdf used on input 
line 711.
(pdftex.def)             Requested size: 305.33788pt x 431.83224pt.
) (./chapters/abc.tex [43pdfTeX warning (ext4): destination with the same ident
ifier (name{figure.1.1}) has been already used, duplicate ignored

\AtBegShi@Output ...ipout \box \AtBeginShipoutBox 
                                                  \fi \fi 
l.5 \chapter
            {Approximate bayesian computation in large scale structure: cons...
 <./figures/centroiding/new_psf.pdf>] [44pdfTeX warning (ext4): destination wit
h the same identifier (name{figure.1.2}) has been already used, duplicate ignor
ed

\AtBegShi@Output ...ipout \box \AtBeginShipoutBox 
                                                  \fi \fi 
l.5 \chapter
            {Approximate bayesian computation in large scale structure: cons...
 <./figures/centroiding/new_matchedfilter.pdf>] [45pdfTeX warning (ext4): desti
nation with the same identifier (name{figure.1.3}) has been already used, dupli
cate ignored

\AtBegShi@Output ...ipout \box \AtBeginShipoutBox 
                                                  \fi \fi 
l.5 \chapter
            {Approximate bayesian computation in large scale structure: cons...
 <./figures/centroiding/new_polynomial.pdf>] [46pdfTeX warning (ext4): destinat
ion with the same identifier (name{figure.1.4}) has been already used, duplicat
e ignored

\AtBegShi@Output ...ipout \box \AtBeginShipoutBox 
                                                  \fi \fi 
l.5 \chapter
            {Approximate bayesian computation in large scale structure: cons...
 <./figures/centroiding/new_moment.pdf>] [47pdfTeX warning (ext4): destination 
with the same identifier (name{figure.1.5}) has been already used, duplicate ig
nored

\AtBegShi@Output ...ipout \box \AtBeginShipoutBox 
                                                  \fi \fi 
l.5 \chapter
            {Approximate bayesian computation in large scale structure: cons...
 <./figures/centroiding/new_fwhm_psf.pdf>] [48pdfTeX warning (ext4): destinatio
n with the same identifier (name{figure.1.6}) has been already used, duplicate 
ignored

\AtBegShi@Output ...ipout \box \AtBeginShipoutBox 
                                                  \fi \fi 
l.5 \chapter
            {Approximate bayesian computation in large scale structure: cons...
 <./figures/centroiding/new_fwhm_matchedfilter.pdf>] [49pdfTeX warning (ext4): 
destination with the same identifier (name{figure.1.7}) has been already used, 
duplicate ignored

\AtBegShi@Output ...ipout \box \AtBeginShipoutBox 
                                                  \fi \fi 
l.5 \chapter
            {Approximate bayesian computation in large scale structure: cons...
 <./figures/centroiding/new_fwhm_polynomial.pdf>] [50pdfTeX warning (ext4): des
tination with the same identifier (name{figure.1.8}) has been already used, dup
licate ignored

\AtBegShi@Output ...ipout \box \AtBeginShipoutBox 
                                                  \fi \fi 
l.5 \chapter
            {Approximate bayesian computation in large scale structure: cons...
 <./figures/centroiding/new_fwhm_moment.pdf>]
Chapter 2.
[51


] [52] [53] [54] [55] [56] [57] [58]
Package hyperref Info: bookmark level for unknown algorithm defaults to 0 on in
put line 240.
 [59] [60] [61] [62] [63] [64] [65]
<figures/abc/paper_data_observables.pdf, id=1794, 843.36172pt x 426.71935pt>
File: figures/abc/paper_data_observables.pdf Graphic file (type pdf)

<use figures/abc/paper_data_observables.pdf>
Package pdftex.def Info: figures/abc/paper_data_observables.pdf used on input l
ine 462.
(pdftex.def)             Requested size: 469.75499pt x 237.685pt.

<figures/abc/paper_ABC_poolevolution_nbargmf.pdf, id=1799, 775.96417pt x 549.28
743pt>
File: figures/abc/paper_ABC_poolevolution_nbargmf.pdf Graphic file (type pdf)
 <use figures/abc/paper_ABC_poolevolution_nbargmf.pdf>
Package pdftex.def Info: figures/abc/paper_ABC_poolevolution_nbargmf.pdf used o
n input line 477.
(pdftex.def)             Requested size: 375.80542pt x 266.02692pt.
 [66pdfTeX warning (ext4): destination with the same identifier (name{figure.2.
1}) has been already used, duplicate ignored

\AtBegShi@Output ...ipout \box \AtBeginShipoutBox 
                                                  \fi \fi 
l.508 
       <./figures/abc/paper_data_observables.pdf>] [67pdfTeX warning (ext4): de
stination with the same identifier (name{figure.2.2}) has been already used, du
plicate ignored

\AtBegShi@Output ...ipout \box \AtBeginShipoutBox 
                                                  \fi \fi 
l.508 
       <./figures/abc/paper_ABC_poolevolution_nbargmf.pdf>] [68] [69]
<figures/abc/paper_ABCconvergence.pdf, id=1909, 1209.22137pt x 654.51111pt>
File: figures/abc/paper_ABCconvergence.pdf Graphic file (type pdf)

<use figures/abc/paper_ABCconvergence.pdf>
Package pdftex.def Info: figures/abc/paper_ABCconvergence.pdf used on input lin
e 571.
(pdftex.def)             Requested size: 469.75499pt x 254.2596pt.
 [70pdfTeX warning (ext4): destination with the same identifier (name{figure.2.
3}) has been already used, duplicate ignored

\AtBegShi@Output ...ipout \box \AtBeginShipoutBox 
                                                  \fi \fi 
l.593 
       <./figures/abc/paper_ABCconvergence.pdf>] [71] [72pdfTeX warning (ext4):
 destination with the same identifier (name{table.2.1}) has been already used, 
duplicate ignored

\AtBegShi@Output ...ipout \box \AtBeginShipoutBox 
                                                  \fi \fi 
l.669 
      ] [73] [74] [75] [76] [77] [78] [79] [80] [81]
<figures/abc/paper_ABCcorner_nbarxi.pdf, id=2042, 850.1382pt x 854.59277pt>
File: figures/abc/paper_ABCcorner_nbarxi.pdf Graphic file (type pdf)

<use figures/abc/paper_ABCcorner_nbarxi.pdf>
Package pdftex.def Info: figures/abc/paper_ABCcorner_nbarxi.pdf used on input l
ine 1013.
(pdftex.def)             Requested size: 399.2946pt x 401.38481pt.

<figures/abc/paper_ABCcorner_nbargmf.pdf, id=2049, 850.1382pt x 854.59277pt>
File: figures/abc/paper_ABCcorner_nbargmf.pdf Graphic file (type pdf)

<use figures/abc/paper_ABCcorner_nbargmf.pdf>
Package pdftex.def Info: figures/abc/paper_ABCcorner_nbargmf.pdf used on input 
line 1030.
(pdftex.def)             Requested size: 399.2946pt x 401.38481pt.

<figures/abc/paper_ABCposterior.pdf, id=2052, 1073.38773pt x 773.61531pt>
File: figures/abc/paper_ABCposterior.pdf Graphic file (type pdf)

<use figures/abc/paper_ABCposterior.pdf>
Package pdftex.def Info: figures/abc/paper_ABCposterior.pdf used on input line 
1041.
(pdftex.def)             Requested size: 469.75499pt x 338.5621pt.

<figures/abc/paper_ABCvsMCMC_nbarxi.pdf, id=2057, 1187.0036pt x 550.72217pt>
File: figures/abc/paper_ABCvsMCMC_nbarxi.pdf Graphic file (type pdf)

<use figures/abc/paper_ABCvsMCMC_nbarxi.pdf>
Package pdftex.def Info: figures/abc/paper_ABCvsMCMC_nbarxi.pdf used on input l
ine 1061.
(pdftex.def)             Requested size: 469.75499pt x 217.94043pt.

<figures/abc/paper_ABCvsMCMC_nbargmf.pdf, id=2058, 1187.0036pt x 550.72217pt>
File: figures/abc/paper_ABCvsMCMC_nbargmf.pdf Graphic file (type pdf)

<use figures/abc/paper_ABCvsMCMC_nbargmf.pdf>
Package pdftex.def Info: figures/abc/paper_ABCvsMCMC_nbargmf.pdf used on input 
line 1079.
(pdftex.def)             Requested size: 469.75499pt x 217.94043pt.

<figures/abc/paper_ABCvsMCMC_contour_nbarxi.pdf, id=2061, 1215.09586pt x 435.09
015pt>
File: figures/abc/paper_ABCvsMCMC_contour_nbarxi.pdf Graphic file (type pdf)
 <use figures/abc/paper_ABCvsMCMC_contour_nbarxi.pdf>
Package pdftex.def Info: figures/abc/paper_ABCvsMCMC_contour_nbarxi.pdf used on
 input line 1096.
(pdftex.def)             Requested size: 469.75499pt x 168.20398pt.

<figures/abc/paper_ABCvsMCMC_contour_nbargmf.pdf, id=2062, 1215.09586pt x 435.0
9015pt>
File: figures/abc/paper_ABCvsMCMC_contour_nbargmf.pdf Graphic file (type pdf)
 <use figures/abc/paper_ABCvsMCMC_contour_nbargmf.pdf>
Package pdftex.def Info: figures/abc/paper_ABCvsMCMC_contour_nbargmf.pdf used o
n input line 1110.
(pdftex.def)             Requested size: 469.75499pt x 168.20398pt.
)
(./chapters/gambly.tex [82] [83pdfTeX warning (ext4): destination with the same
 identifier (name{figure.2.4}) has been already used, duplicate ignored

\AtBegShi@Output ...ipout \box \AtBeginShipoutBox 
                                                  \fi \fi 
l.5 \chapter
            {How are galaxies assigned to halos? searching for assembly bias...
 <./figures/abc/paper_ABCcorner_nbarxi.pdf>] [84pdfTeX warning (ext4): destinat
ion with the same identifier (name{figure.2.5}) has been already used, duplicat
e ignored

\AtBegShi@Output ...ipout \box \AtBeginShipoutBox 
                                                  \fi \fi 
l.5 \chapter
            {How are galaxies assigned to halos? searching for assembly bias...
 <./figures/abc/paper_ABCcorner_nbargmf.pdf>] [85pdfTeX warning (ext4): destina
tion with the same identifier (name{figure.2.6}) has been already used, duplica
te ignored

\AtBegShi@Output ...ipout \box \AtBeginShipoutBox 
                                                  \fi \fi 
l.5 \chapter
            {How are galaxies assigned to halos? searching for assembly bias...
 <./figures/abc/paper_ABCposterior.pdf>] [86pdfTeX warning (ext4): destination 
with the same identifier (name{figure.2.7}) has been already used, duplicate ig
nored

\AtBegShi@Output ...ipout \box \AtBeginShipoutBox 
                                                  \fi \fi 
l.5 \chapter
            {How are galaxies assigned to halos? searching for assembly bias...
 <./figures/abc/paper_ABCvsMCMC_nbarxi.pdf>] [87pdfTeX warning (ext4): destinat
ion with the same identifier (name{figure.2.8}) has been already used, duplicat
e ignored

\AtBegShi@Output ...ipout \box \AtBeginShipoutBox 
                                                  \fi \fi 
l.5 \chapter
            {How are galaxies assigned to halos? searching for assembly bias...
 <./figures/abc/paper_ABCvsMCMC_nbargmf.pdf>] [88pdfTeX warning (ext4): destina
tion with the same identifier (name{figure.2.9}) has been already used, duplica
te ignored

\AtBegShi@Output ...ipout \box \AtBeginShipoutBox 
                                                  \fi \fi 
l.5 \chapter
            {How are galaxies assigned to halos? searching for assembly bias...
pdfTeX warning (ext4): destination with the same identifier (name{figure.2.10})
 has been already used, duplicate ignored

\AtBegShi@Output ...ipout \box \AtBeginShipoutBox 
                                                  \fi \fi 
l.5 \chapter
            {How are galaxies assigned to halos? searching for assembly bias...
 <./figures/abc/paper_ABCvsMCMC_contour_nbarxi.pdf> <./figures/abc/paper_ABCvsM
CMC_contour_nbargmf.pdf

pdfTeX warning: pdflatex (file ./figures/abc/paper_ABCvsMCMC_contour_nbargmf.pd
f): PDF inclusion: multiple pdfs with page group included in a single page
>]
Chapter 3.
[89

] [90] [91] [92] [93] [94] [95] [96] [97] [98] [99] [100] [101] [102]
[103] [104] [105] [106pdfTeX warning (ext4): destination with the same identifi
er (name{table.3.1}) has been already used, duplicate ignored

\AtBegShi@Output ...ipout \box \AtBeginShipoutBox 
                                                  \fi \fi 
l.289 
      ] [107] [108] [109] [110] [111] [112] [113]
Overfull \hbox (38.17531pt too wide) in paragraph at lines 347--387
 [] 
 []

[114] [115pdfTeX warning (ext4): destination with the same identifier (name{tab
le.3.2}) has been already used, duplicate ignored

\AtBegShi@Output ...ipout \box \AtBeginShipoutBox 
                                                  \fi \fi 
l.404 \end{eqnarray}
                    ] [116] [117] [118] [119] [120] [121]
Underfull \hbox (badness 10000) in paragraph at lines 455--456

 []

<figures/gambly/bias2.pdf, id=3080, 527.0503pt x 524.23534pt>
File: figures/gambly/bias2.pdf Graphic file (type pdf)

<use figures/gambly/bias2.pdf>
Package pdftex.def Info: figures/gambly/bias2.pdf used on input line 457.
(pdftex.def)             Requested size: 375.80542pt x 373.80952pt.

Underfull \hbox (badness 10000) in paragraph at lines 468--469

 []

<figures/gambly/wpmodel.pdf, id=3081, 1437.97223pt x 1001.7425pt>
File: figures/gambly/wpmodel.pdf Graphic file (type pdf)

<use figures/gambly/wpmodel.pdf>
Package pdftex.def Info: figures/gambly/wpmodel.pdf used on input line 470.
(pdftex.def)             Requested size: 469.75499pt x 327.24384pt.

Underfull \hbox (badness 10000) in paragraph at lines 479--480

 []

<figures/gambly/wpres.pdf, id=3082, 1451.58559pt x 1001.7425pt>
File: figures/gambly/wpres.pdf Graphic file (type pdf)

<use figures/gambly/wpres.pdf>
Package pdftex.def Info: figures/gambly/wpres.pdf used on input line 481.
(pdftex.def)             Requested size: 469.75499pt x 324.1715pt.

Underfull \hbox (badness 10000) in paragraph at lines 492--493

 []

<figures/gambly/paper_wprandom.pdf, id=3085, 1283.55782pt x 481.3985pt>
File: figures/gambly/paper_wprandom.pdf Graphic file (type pdf)

<use figures/gambly/paper_wprandom.pdf>
Package pdftex.def Info: figures/gambly/paper_wprandom.pdf used on input line 4
94.
(pdftex.def)             Requested size: 469.75499pt x 176.18277pt.

Underfull \hbox (badness 10000) in paragraph at lines 505--506

 []

<figures/gambly/IC.pdf, id=3096, 523.2235pt x 523.90732pt>
File: figures/gambly/IC.pdf Graphic file (type pdf)

<use figures/gambly/IC.pdf>
Package pdftex.def Info: figures/gambly/IC.pdf used on input line 507.
(pdftex.def)             Requested size: 375.80542pt x 376.29366pt.

Underfull \hbox (badness 10000) in paragraph at lines 518--519

 []

<figures/gambly/bias_comparison.pdf, id=3097, 527.0503pt x 524.23534pt>
File: figures/gambly/bias_comparison.pdf Graphic file (type pdf)

<use figures/gambly/bias_comparison.pdf>
Package pdftex.def Info: figures/gambly/bias_comparison.pdf used on input line 
520.
(pdftex.def)             Requested size: 375.80542pt x 373.80952pt.

Underfull \hbox (badness 10000) in paragraph at lines 531--532

 []

<figures/gambly/hist_comparison.pdf, id=3110, 1156.32pt x 578.16pt>
File: figures/gambly/hist_comparison.pdf Graphic file (type pdf)

<use figures/gambly/hist_comparison.pdf>
Package pdftex.def Info: figures/gambly/hist_comparison.pdf used on input line 
533.
(pdftex.def)             Requested size: 469.75499pt x 234.87692pt.

Underfull \hbox (badness 10000) in paragraph at lines 544--545

 []

<figures/gambly/post20_5combined.pdf, id=3111, 1148.15338pt x 1137.25194pt>
File: figures/gambly/post20_5combined.pdf Graphic file (type pdf)

<use figures/gambly/post20_5combined.pdf>
Package pdftex.def Info: figures/gambly/post20_5combined.pdf used on input line
 546.
(pdftex.def)             Requested size: 422.77661pt x 418.76369pt.
) (./chapters/mocks.tex [122pdfTeX warning (ext4): destination with the same id
entifier (name{figure.3.1}) has been already used, duplicate ignored

\AtBegShi@Output ...ipout \box \AtBeginShipoutBox 
                                                  \fi \fi 
l.47 \chapter
             {Accurate galaxy-halo mocks with automatic bias estimation and ...
 <./figures/gambly/bias2.pdf>] [123pdfTeX warning (ext4): destination with the 
same identifier (name{figure.3.2}) has been already used, duplicate ignored

\AtBegShi@Output ...ipout \box \AtBeginShipoutBox 
                                                  \fi \fi 
l.47 \chapter
             {Accurate galaxy-halo mocks with automatic bias estimation and ...
 <./figures/gambly/wpmodel.pdf>] [124pdfTeX warning (ext4): destination with th
e same identifier (name{figure.3.3}) has been already used, duplicate ignored

\AtBegShi@Output ...ipout \box \AtBeginShipoutBox 
                                                  \fi \fi 
l.47 \chapter
             {Accurate galaxy-halo mocks with automatic bias estimation and ...
 <./figures/gambly/wpres.pdf>] [125pdfTeX warning (ext4): destination with the 
same identifier (name{figure.3.4}) has been already used, duplicate ignored

\AtBegShi@Output ...ipout \box \AtBeginShipoutBox 
                                                  \fi \fi 
l.47 \chapter
             {Accurate galaxy-halo mocks with automatic bias estimation and ...
 <./figures/gambly/paper_wprandom.pdf>] [126pdfTeX warning (ext4): destination 
with the same identifier (name{figure.3.5}) has been already used, duplicate ig
nored

\AtBegShi@Output ...ipout \box \AtBeginShipoutBox 
                                                  \fi \fi 
l.47 \chapter
             {Accurate galaxy-halo mocks with automatic bias estimation and ...
 <./figures/gambly/IC.pdf>] [127pdfTeX warning (ext4): destination with the sam
e identifier (name{figure.3.6}) has been already used, duplicate ignored

\AtBegShi@Output ...ipout \box \AtBeginShipoutBox 
                                                  \fi \fi 
l.47 \chapter
             {Accurate galaxy-halo mocks with automatic bias estimation and ...
 <./figures/gambly/bias_comparison.pdf>] [128pdfTeX warning (ext4): destination
 with the same identifier (name{figure.3.7}) has been already used, duplicate i
gnored

\AtBegShi@Output ...ipout \box \AtBeginShipoutBox 
                                                  \fi \fi 
l.47 \chapter
             {Accurate galaxy-halo mocks with automatic bias estimation and ...
 <./figures/gambly/hist_comparison.pdf>] [129pdfTeX warning (ext4): destination
 with the same identifier (name{figure.3.8}) has been already used, duplicate i
gnored

\AtBegShi@Output ...ipout \box \AtBeginShipoutBox 
                                                  \fi \fi 
l.47 \chapter
             {Accurate galaxy-halo mocks with automatic bias estimation and ...
 <./figures/gambly/post20_5combined.pdf>]
Chapter 4.
[130


] [131] [132] [133] [134] [135] [136] [137] [138] [139] [140] [141]
[142]

Package hyperref Warning: Token not allowed in a PDF string (PDFDocEncoding):
(hyperref)                removing `math shift' on input line 199.


Package hyperref Warning: Token not allowed in a PDF string (PDFDocEncoding):
(hyperref)                removing `math shift' on input line 199.

[143] [144] [145] [146] [147] [148] [149] [150]
<figures/mocks/bigmd_large.pdf, id=4133, 451.50343pt x 451.8145pt>
File: figures/mocks/bigmd_large.pdf Graphic file (type pdf)

<use figures/mocks/bigmd_large.pdf>
Package pdftex.def Info: figures/mocks/bigmd_large.pdf used on input line 309.
(pdftex.def)             Requested size: 140.92792pt x 141.01932pt.

<figures/mocks/fastpm_large.pdf, id=4134, 451.07422pt x 451.72234pt>
File: figures/mocks/fastpm_large.pdf Graphic file (type pdf)

<use figures/mocks/fastpm_large.pdf>
Package pdftex.def Info: figures/mocks/fastpm_large.pdf used on input line 310.

(pdftex.def)             Requested size: 140.92792pt x 141.12842pt.

<figures/mocks/alpt_large.pdf, id=4135, 451.84612pt x 451.41414pt>
File: figures/mocks/alpt_large.pdf Graphic file (type pdf)

<use figures/mocks/alpt_large.pdf>
Package pdftex.def Info: figures/mocks/alpt_large.pdf used on input line 311.
(pdftex.def)             Requested size: 140.92792pt x 140.79105pt.

<figures/mocks/bigmd_medium.pdf, id=4136, 451.55235pt x 452.19176pt>
File: figures/mocks/bigmd_medium.pdf Graphic file (type pdf)

<use figures/mocks/bigmd_medium.pdf>
Package pdftex.def Info: figures/mocks/bigmd_medium.pdf used on input line 312.

(pdftex.def)             Requested size: 140.92792pt x 141.12328pt.

<figures/mocks/fastpm_medium.pdf, id=4137, 451.91522pt x 451.8289pt>
File: figures/mocks/fastpm_medium.pdf Graphic file (type pdf)

<use figures/mocks/fastpm_medium.pdf>
Package pdftex.def Info: figures/mocks/fastpm_medium.pdf used on input line 313
.
(pdftex.def)             Requested size: 140.92792pt x 140.89972pt.

<figures/mocks/alpt_medium.pdf, id=4138, 451.4861pt x 452.3588pt>
File: figures/mocks/alpt_medium.pdf Graphic file (type pdf)

<use figures/mocks/alpt_medium.pdf>
Package pdftex.def Info: figures/mocks/alpt_medium.pdf used on input line 314.
(pdftex.def)             Requested size: 140.92792pt x 141.19612pt.

<figures/mocks/bigmd_small.pdf, id=4139, 452.3272pt x 452.39339pt>
File: figures/mocks/bigmd_small.pdf Graphic file (type pdf)

<use figures/mocks/bigmd_small.pdf>
Package pdftex.def Info: figures/mocks/bigmd_small.pdf used on input line 315.
(pdftex.def)             Requested size: 140.92792pt x 140.95149pt.

<figures/mocks/fastpm_small.pdf, id=4140, 452.66994pt x 452.97809pt>
File: figures/mocks/fastpm_small.pdf Graphic file (type pdf)

<use figures/mocks/fastpm_small.pdf>
Package pdftex.def Info: figures/mocks/fastpm_small.pdf used on input line 316.

(pdftex.def)             Requested size: 140.92792pt x 141.02309pt.

<figures/mocks/alpt_small.pdf, id=4141, 451.84903pt x 451.79723pt>
File: figures/mocks/alpt_small.pdf Graphic file (type pdf)

<use figures/mocks/alpt_small.pdf>
Package pdftex.def Info: figures/mocks/alpt_small.pdf used on input line 317.
(pdftex.def)             Requested size: 140.92792pt x 140.91052pt.

<figures/mocks/posterior.pdf, id=4142, 844.61935pt x 851.78542pt>
File: figures/mocks/posterior.pdf Graphic file (type pdf)

<use figures/mocks/posterior.pdf>
Package pdftex.def Info: figures/mocks/posterior.pdf used on input line 325.
(pdftex.def)             Requested size: 422.77661pt x 426.37256pt.

Underfull \hbox (badness 2582) in paragraph at lines 326--326
[]\OT1/cmr/m/n/12 Figure 4.2: [][] Pos-te-rior prob-a-bil-ity dis-tri-bu-tion o
f the \OT1/cmr/m/sc/12 patchy \OT1/cmr/m/n/12 bias pa-ram-e-ters
 []

<figures/mocks/pdf.pdf, id=4147, 289.08pt x 289.08pt>
File: figures/mocks/pdf.pdf Graphic file (type pdf)

<use figures/mocks/pdf.pdf>
Package pdftex.def Info: figures/mocks/pdf.pdf used on input line 332.
(pdftex.def)             Requested size: 187.89912pt x 187.89977pt.

<figures/mocks/pk.pdf, id=4148, 289.08pt x 289.08pt>
File: figures/mocks/pk.pdf Graphic file (type pdf)

<use figures/mocks/pk.pdf>
Package pdftex.def Info: figures/mocks/pk.pdf used on input line 333.
(pdftex.def)             Requested size: 187.89912pt x 187.89977pt.

<figures/mocks/bispec1.pdf, id=4149, 216.81pt x 216.81pt>
File: figures/mocks/bispec1.pdf Graphic file (type pdf)

<use figures/mocks/bispec1.pdf>
Package pdftex.def Info: figures/mocks/bispec1.pdf used on input line 343.
(pdftex.def)             Requested size: 187.89912pt x 187.90858pt.

<figures/mocks/bispec3.pdf, id=4150, 216.81pt x 216.81pt>
File: figures/mocks/bispec3.pdf Graphic file (type pdf)

<use figures/mocks/bispec3.pdf>
Package pdftex.def Info: figures/mocks/bispec3.pdf used on input line 344.
(pdftex.def)             Requested size: 187.89912pt x 187.90858pt.

<figures/mocks/bispec2.pdf, id=4151, 216.81pt x 216.81pt>
File: figures/mocks/bispec2.pdf Graphic file (type pdf)

<use figures/mocks/bispec2.pdf>
Package pdftex.def Info: figures/mocks/bispec2.pdf used on input line 348.
(pdftex.def)             Requested size: 187.89912pt x 187.90858pt.

<figures/mocks/bispec5.pdf, id=4152, 216.81pt x 216.81pt>
File: figures/mocks/bispec5.pdf Graphic file (type pdf)

<use figures/mocks/bispec5.pdf>
Package pdftex.def Info: figures/mocks/bispec5.pdf used on input line 349.
(pdftex.def)             Requested size: 187.89912pt x 187.90858pt.

<figures/mocks/bispec4.pdf, id=4153, 216.81pt x 216.81pt>
File: figures/mocks/bispec4.pdf Graphic file (type pdf)

<use figures/mocks/bispec4.pdf>
Package pdftex.def Info: figures/mocks/bispec4.pdf used on input line 353.
(pdftex.def)             Requested size: 187.89912pt x 187.90858pt.

<figures/mocks/bispec6.pdf, id=4154, 216.81pt x 216.81pt>
File: figures/mocks/bispec6.pdf Graphic file (type pdf)

<use figures/mocks/bispec6.pdf>
Package pdftex.def Info: figures/mocks/bispec6.pdf used on input line 354.
(pdftex.def)             Requested size: 187.89912pt x 187.90858pt.


LaTeX Warning: Float too large for page by 16.40385pt on input line 358.

) (./chapters/wfc3ir.tex [151] [152pdfTeX warning (ext4): destination with the 
same identifier (name{figure.4.1}) has been already used, duplicate ignored

\AtBegShi@Output ...ipout \box \AtBeginShipoutBox 
                                                  \fi \fi 
l.2 \chapter
            {Super-resolution PSF model of HST WFC3-IR\chaplabel{wfc3ir}} <./fi
gures/mocks/bigmd_large.pdf> <./figures/mocks/fastpm_large.pdf> <./figures/mock
s/alpt_large.pdf> <./figures/mocks/bigmd_medium.pdf> <./figures/mocks/fastpm_me
dium.pdf> <./figures/mocks/alpt_medium.pdf> <./figures/mocks/bigmd_small.pdf> <
./figures/mocks/fastpm_small.pdf> <./figures/mocks/alpt_small.pdf>] [153pdfTeX 
warning (ext4): destination with the same identifier (name{figure.4.2}) has bee
n already used, duplicate ignored

\AtBegShi@Output ...ipout \box \AtBeginShipoutBox 
                                                  \fi \fi 
l.2 \chapter
            {Super-resolution PSF model of HST WFC3-IR\chaplabel{wfc3ir}} <./fi
gures/mocks/posterior.pdf>] [154pdfTeX warning (ext4): destination with the sam
e identifier (name{figure.4.3}) has been already used, duplicate ignored

\AtBegShi@Output ...ipout \box \AtBeginShipoutBox 
                                                  \fi \fi 
l.2 \chapter
            {Super-resolution PSF model of HST WFC3-IR\chaplabel{wfc3ir}} <./fi
gures/mocks/pdf.pdf> <./figures/mocks/pk.pdf

pdfTeX warning: pdflatex (file ./figures/mocks/pk.pdf): PDF inclusion: multiple
 pdfs with page group included in a single page
>] [155pdfTeX warning (ext4): destination with the same identifier (name{figure
.4.4}) has been already used, duplicate ignored

\AtBegShi@Output ...ipout \box \AtBeginShipoutBox 
                                                  \fi \fi 
l.2 \chapter
            {Super-resolution PSF model of HST WFC3-IR\chaplabel{wfc3ir}} <./fi
gures/mocks/bispec1.pdf> <./figures/mocks/bispec3.pdf

pdfTeX warning: pdflatex (file ./figures/mocks/bispec3.pdf): PDF inclusion: mul
tiple pdfs with page group included in a single page
> <./figures/mocks/bispec2.pdf

pdfTeX warning: pdflatex (file ./figures/mocks/bispec2.pdf): PDF inclusion: mul
tiple pdfs with page group included in a single page
> <./figures/mocks/bispec5.pdf

pdfTeX warning: pdflatex (file ./figures/mocks/bispec5.pdf): PDF inclusion: mul
tiple pdfs with page group included in a single page
> <./figures/mocks/bispec4.pdf

pdfTeX warning: pdflatex (file ./figures/mocks/bispec4.pdf): PDF inclusion: mul
tiple pdfs with page group included in a single page
> <./figures/mocks/bispec6.pdf

pdfTeX warning: pdflatex (file ./figures/mocks/bispec6.pdf): PDF inclusion: mul
tiple pdfs with page group included in a single page
>]
Chapter 5.
[156

] [157] [158] [159] [160] [161] [162] [163] [164] [165] [166] [167]
[168] [169] [170] <figures/wfc3ir/super0.png, id=4940, 722.7pt x 722.7pt>
File: figures/wfc3ir/super0.png Graphic file (type png)

<use figures/wfc3ir/super0.png>
Package pdftex.def Info: figures/wfc3ir/super0.png used on input line 357.
(pdftex.def)             Requested size: 234.87749pt x 234.87471pt.

<figures/wfc3ir/super2.png, id=4942, 722.7pt x 722.7pt>
File: figures/wfc3ir/super2.png Graphic file (type png)

<use figures/wfc3ir/super2.png>
Package pdftex.def Info: figures/wfc3ir/super2.png used on input line 358.
(pdftex.def)             Requested size: 234.87749pt x 234.87471pt.

Overfull \hbox (15.91661pt too wide) in paragraph at lines 356--361
[][]
 []

[171] <figures/wfc3ir/training.pdf, id=4946, 722.7pt x 722.7pt>
File: figures/wfc3ir/training.pdf Graphic file (type pdf)

<use figures/wfc3ir/training.pdf>
Package pdftex.def Info: figures/wfc3ir/training.pdf used on input line 365.
(pdftex.def)             Requested size: 422.77228pt x 422.77228pt.

<figures/wfc3ir/training2.pdf, id=4947, 722.7pt x 722.7pt>
File: figures/wfc3ir/training2.pdf Graphic file (type pdf)

<use figures/wfc3ir/training2.pdf>
Package pdftex.def Info: figures/wfc3ir/training2.pdf used on input line 370.
(pdftex.def)             Requested size: 422.77228pt x 422.77228pt.

<figures/wfc3ir/training3.pdf, id=4950, 722.7pt x 722.7pt>
File: figures/wfc3ir/training3.pdf Graphic file (type pdf)

<use figures/wfc3ir/training3.pdf>
Package pdftex.def Info: figures/wfc3ir/training3.pdf used on input line 375.
(pdftex.def)             Requested size: 422.77228pt x 422.77228pt.

<figures/wfc3ir/training4.pdf, id=4953, 722.7pt x 722.7pt>
File: figures/wfc3ir/training4.pdf Graphic file (type pdf)

<use figures/wfc3ir/training4.pdf>
Package pdftex.def Info: figures/wfc3ir/training4.pdf used on input line 380.
(pdftex.def)             Requested size: 422.77228pt x 422.77228pt.

<figures/wfc3ir/example2.pdf, id=4956, 722.7pt x 722.7pt>
File: figures/wfc3ir/example2.pdf Graphic file (type pdf)

<use figures/wfc3ir/example2.pdf>
Package pdftex.def Info: figures/wfc3ir/example2.pdf used on input line 390.
(pdftex.def)             Requested size: 422.77228pt x 422.77228pt.

<figures/wfc3ir/example5.pdf, id=4957, 722.7pt x 722.7pt>
File: figures/wfc3ir/example5.pdf Graphic file (type pdf)

<use figures/wfc3ir/example5.pdf>
Package pdftex.def Info: figures/wfc3ir/example5.pdf used on input line 395.
(pdftex.def)             Requested size: 422.77228pt x 422.77228pt.

<figures/wfc3ir/example7.pdf, id=4959, 722.7pt x 722.7pt>
File: figures/wfc3ir/example7.pdf Graphic file (type pdf)

<use figures/wfc3ir/example7.pdf>
Package pdftex.def Info: figures/wfc3ir/example7.pdf used on input line 400.
(pdftex.def)             Requested size: 422.77661pt x 422.77228pt.

<figures/wfc3ir/example11.pdf, id=4962, 722.7pt x 722.7pt>
File: figures/wfc3ir/example11.pdf Graphic file (type pdf)

<use figures/wfc3ir/example11.pdf>
Package pdftex.def Info: figures/wfc3ir/example11.pdf used on input line 406.
(pdftex.def)             Requested size: 422.77661pt x 422.77228pt.

<figures/wfc3ir/example10.pdf, id=4965, 722.7pt x 722.7pt>
File: figures/wfc3ir/example10.pdf Graphic file (type pdf)

<use figures/wfc3ir/example10.pdf>
Package pdftex.def Info: figures/wfc3ir/example10.pdf used on input line 411.
(pdftex.def)             Requested size: 422.77661pt x 422.77228pt.

<figures/wfc3ir/example16.pdf, id=4968, 722.7pt x 722.7pt>
File: figures/wfc3ir/example16.pdf Graphic file (type pdf)

<use figures/wfc3ir/example16.pdf>
Package pdftex.def Info: figures/wfc3ir/example16.pdf used on input line 416.
(pdftex.def)             Requested size: 422.77661pt x 422.77228pt.

<figures/wfc3ir/example19.pdf, id=4973, 722.7pt x 722.7pt>
File: figures/wfc3ir/example19.pdf Graphic file (type pdf)

<use figures/wfc3ir/example19.pdf>
Package pdftex.def Info: figures/wfc3ir/example19.pdf used on input line 421.
(pdftex.def)             Requested size: 422.77661pt x 422.77228pt.
) (./conclusion.tex [172pdfTeX warning (ext4): destination with the same identi
fier (name{figure.5.1}) has been already used, duplicate ignored

\AtBegShi@Output ...ipout \box \AtBeginShipoutBox 
                                                  \fi \fi 
l.1 \chapter
            *{Conclusion}\addcontentsline{toc}{chapter}{Conclusion} <./figures/
wfc3ir/super0.png> <./figures/wfc3ir/super2.png>] [173pdfTeX warning (ext4): de
stination with the same identifier (name{figure.5.2}) has been already used, du
plicate ignored

\AtBegShi@Output ...ipout \box \AtBeginShipoutBox 
                                                  \fi \fi 
l.1 \chapter
            *{Conclusion}\addcontentsline{toc}{chapter}{Conclusion} <./figures/
wfc3ir/training.pdf>] [174pdfTeX warning (ext4): destination with the same iden
tifier (name{figure.5.3}) has been already used, duplicate ignored

\AtBegShi@Output ...ipout \box \AtBeginShipoutBox 
                                                  \fi \fi 
l.1 \chapter
            *{Conclusion}\addcontentsline{toc}{chapter}{Conclusion} <./figures/
wfc3ir/training2.pdf>] [175pdfTeX warning (ext4): destination with the same ide
ntifier (name{figure.5.4}) has been already used, duplicate ignored

\AtBegShi@Output ...ipout \box \AtBeginShipoutBox 
                                                  \fi \fi 
l.1 \chapter
            *{Conclusion}\addcontentsline{toc}{chapter}{Conclusion} <./figures/
wfc3ir/training3.pdf>] [176pdfTeX warning (ext4): destination with the same ide
ntifier (name{figure.5.5}) has been already used, duplicate ignored

\AtBegShi@Output ...ipout \box \AtBeginShipoutBox 
                                                  \fi \fi 
l.1 \chapter
            *{Conclusion}\addcontentsline{toc}{chapter}{Conclusion} <./figures/
wfc3ir/training4.pdf>] [177pdfTeX warning (ext4): destination with the same ide
ntifier (name{figure.5.6}) has been already used, duplicate ignored

\AtBegShi@Output ...ipout \box \AtBeginShipoutBox 
                                                  \fi \fi 
l.1 \chapter
            *{Conclusion}\addcontentsline{toc}{chapter}{Conclusion} <./figures/
wfc3ir/example2.pdf>] [178pdfTeX warning (ext4): destination with the same iden
tifier (name{figure.5.7}) has been already used, duplicate ignored

\AtBegShi@Output ...ipout \box \AtBeginShipoutBox 
                                                  \fi \fi 
l.1 \chapter
            *{Conclusion}\addcontentsline{toc}{chapter}{Conclusion} <./figures/
wfc3ir/example5.pdf>] [179pdfTeX warning (ext4): destination with the same iden
tifier (name{figure.5.8}) has been already used, duplicate ignored

\AtBegShi@Output ...ipout \box \AtBeginShipoutBox 
                                                  \fi \fi 
l.1 \chapter
            *{Conclusion}\addcontentsline{toc}{chapter}{Conclusion} <./figures/
wfc3ir/example7.pdf>] [180pdfTeX warning (ext4): destination with the same iden
tifier (name{figure.5.9}) has been already used, duplicate ignored

\AtBegShi@Output ...ipout \box \AtBeginShipoutBox 
                                                  \fi \fi 
l.1 \chapter
            *{Conclusion}\addcontentsline{toc}{chapter}{Conclusion} <./figures/
wfc3ir/example11.pdf>] [181pdfTeX warning (ext4): destination with the same ide
ntifier (name{figure.5.10}) has been already used, duplicate ignored

\AtBegShi@Output ...ipout \box \AtBeginShipoutBox 
                                                  \fi \fi 
l.1 \chapter
            *{Conclusion}\addcontentsline{toc}{chapter}{Conclusion} <./figures/
wfc3ir/example10.pdf>] [182pdfTeX warning (ext4): destination with the same ide
ntifier (name{figure.5.11}) has been already used, duplicate ignored

\AtBegShi@Output ...ipout \box \AtBeginShipoutBox 
                                                  \fi \fi 
l.1 \chapter
            *{Conclusion}\addcontentsline{toc}{chapter}{Conclusion} <./figures/
wfc3ir/example16.pdf>] [183pdfTeX warning (ext4): destination with the same ide
ntifier (name{figure.5.12}) has been already used, duplicate ignored

\AtBegShi@Output ...ipout \box \AtBeginShipoutBox 
                                                  \fi \fi 
l.1 \chapter
            *{Conclusion}\addcontentsline{toc}{chapter}{Conclusion} <./figures/
wfc3ir/example19.pdf>] [184

]) (./biblio.tex [185] (./thesis.bbl

! LaTeX Error: Can be used only in preamble.

See the LaTeX manual or LaTeX Companion for explanation.
Type  H <return>  for immediate help.
 ...                                              
                                                  
l.1 \begin{document}
                    
? 
[186


] [187] [188] [189] [190] [191] [192] [193] [194] [195] [196] [197]
[198] [199] [200] [201] [202] [203] [204] [205]
Package atveryend Info: Empty hook `BeforeClearDocument' on input line 351.
 [206]
Package atveryend Info: Empty hook `AfterLastShipout' on input line 351.
 (./thesis.aux)
Package atveryend Info: Executing hook `AtVeryEndDocument' on input line 351.
Package atveryend Info: Executing hook `AtEndAfterFileList' on input line 351.
Package rerunfilecheck Info: File `thesis.out' has not changed.
(rerunfilecheck)             Checksum: 2E1B5F245E094F346CBC09F275C4EE24;2811.


LaTeX Warning: Label(s) may have changed. Rerun to get cross-references right.

Package atveryend Info: Empty hook `AtVeryVeryEnd' on input line 351.
 ) ) )
(\end occurred inside a group at level 1)

### semi simple group (level 1) entered at line 1 (\begingroup)
### bottom level 
Here is how much of TeX's memory you used:
 9054 strings out of 493304
 134505 string characters out of 6139871
 295675 words of memory out of 5000000
 11720 multiletter control sequences out of 15000+600000
 21743 words of font info for 83 fonts, out of 8000000 for 9000
 957 hyphenation exceptions out of 8191
 31i,17n,31p,1425b,1083s stack positions out of 5000i,500n,10000p,200000b,80000s
</usr/share/texlive/texmf-dist/fonts/type1/public/amsfonts/cm/c
mbx12.pfb></usr/share/texlive/texmf-dist/fonts/type1/public/amsfonts/cm/cmcsc10
.pfb></usr/share/texlive/texmf-dist/fonts/type1/public/amsfonts/cm/cmex10.pfb><
/usr/share/texlive/texmf-dist/fonts/type1/public/amsfonts/cmextra/cmex8.pfb></u
sr/share/texlive/texmf-dist/fonts/type1/public/amsfonts/cm/cmmi10.pfb></usr/sha
re/texlive/texmf-dist/fonts/type1/public/amsfonts/cm/cmmi12.pfb></usr/share/tex
live/texmf-dist/fonts/type1/public/amsfonts/cm/cmmi6.pfb></usr/share/texlive/te
xmf-dist/fonts/type1/public/amsfonts/cm/cmmi8.pfb></usr/share/texlive/texmf-dis
t/fonts/type1/public/amsfonts/cm/cmmib10.pfb></usr/share/texlive/texmf-dist/fon
ts/type1/public/amsfonts/cm/cmr10.pfb></usr/share/texlive/texmf-dist/fonts/type
1/public/amsfonts/cm/cmr12.pfb></usr/share/texlive/texmf-dist/fonts/type1/publi
c/amsfonts/cm/cmr6.pfb></usr/share/texlive/texmf-dist/fonts/type1/public/amsfon
ts/cm/cmr7.pfb></usr/share/texlive/texmf-dist/fonts/type1/public/amsfonts/cm/cm
r8.pfb></usr/share/texlive/texmf-dist/fonts/type1/public/amsfonts/cm/cmsl12.pfb
></usr/share/texlive/texmf-dist/fonts/type1/public/amsfonts/cm/cmsy10.pfb></usr
/share/texlive/texmf-dist/fonts/type1/public/amsfonts/cm/cmsy6.pfb></usr/share/
texlive/texmf-dist/fonts/type1/public/amsfonts/cm/cmsy8.pfb></usr/share/texlive
/texmf-dist/fonts/type1/public/amsfonts/cm/cmti12.pfb></usr/share/texlive/texmf
-dist/fonts/type1/public/amsfonts/cm/cmtt10.pfb></usr/share/texlive/texmf-dist/
fonts/type1/public/amsfonts/cm/cmtt12.pfb></usr/share/texlive/texmf-dist/fonts/
type1/public/hfbright/hfbr10.pfb></usr/share/texlive/texmf-dist/fonts/type1/pub
lic/hfbright/hfbr17.pfb></usr/share/texlive/texmf-dist/fonts/type1/public/hfbri
ght/hfbrmi10.pfb></usr/share/texlive/texmf-dist/fonts/type1/public/hfbright/hfb
rsy10.pfb></usr/share/texlive/texmf-dist/fonts/type1/public/hfbright/hftl10.pfb
></usr/share/texlive/texmf-dist/fonts/type1/public/amsfonts/symbols/msam10.pfb>
</usr/share/texlive/texmf-dist/fonts/type1/public/amsfonts/symbols/msbm10.pfb><
/usr/share/texmf/fonts/type1/public/cm-super/sfbtl10.pfb>
Output written on thesis.pdf (232 pages, 9895959 bytes).
PDF statistics:
 5782 PDF objects out of 6186 (max. 8388607)
 4302 compressed objects within 44 object streams
 575 named destinations out of 1000 (max. 500000)
 630 words of extra memory for PDF output out of 10000 (max. 10000000)

